Configuring monads-tf-0.1.0.3...
Building monads-tf-0.1.0.3...
Preprocessing library monads-tf-0.1.0.3...
[ 1 of 21] Compiling Control.Monad.Trans ( Control/Monad/Trans.hs, .stack-work/dist/x86_64-osx/Cabal-1.24.0.0/build/Control/Monad/Trans.o )
[ 2 of 21] Compiling Control.Monad.Writer.Class ( Control/Monad/Writer/Class.hs, .stack-work/dist/x86_64-osx/Cabal-1.24.0.0/build/Control/Monad/Writer/Class.o )

Control/Monad/Writer/Class.hs:27:1: warning: [-Wdeprecations]
    Module ‘Control.Monad.Trans.Error’ is deprecated:
      Use Control.Monad.Trans.Except instead

Control/Monad/Writer/Class.hs:100:11: warning: [-Wdeprecations]
    In the use of type constructor or class ‘Error’
    (imported from Control.Monad.Trans.Error):
    Deprecated: "Use Control.Monad.Trans.Except instead"

Control/Monad/Writer/Class.hs:100:51: warning: [-Wdeprecations]
    In the use of type constructor or class ‘ErrorT’
    (imported from Control.Monad.Trans.Error):
    Deprecated: "Use Control.Monad.Trans.Except instead"

Control/Monad/Writer/Class.hs:101:22: warning: [-Wdeprecations]
    In the use of type constructor or class ‘ErrorT’
    (imported from Control.Monad.Trans.Error):
    Deprecated: "Use Control.Monad.Trans.Except instead"

Control/Monad/Writer/Class.hs:103:14: warning: [-Wdeprecations]
    In the use of ‘liftListen’
    (imported from Control.Monad.Trans.Error):
    Deprecated: "Use Control.Monad.Trans.Except instead"

Control/Monad/Writer/Class.hs:104:14: warning: [-Wdeprecations]
    In the use of ‘liftPass’ (imported from Control.Monad.Trans.Error):
    Deprecated: "Use Control.Monad.Trans.Except instead"
[ 3 of 21] Compiling Control.Monad.Writer.Lazy ( Control/Monad/Writer/Lazy.hs, .stack-work/dist/x86_64-osx/Cabal-1.24.0.0/build/Control/Monad/Writer/Lazy.o )
[ 4 of 21] Compiling Control.Monad.Writer ( Control/Monad/Writer.hs, .stack-work/dist/x86_64-osx/Cabal-1.24.0.0/build/Control/Monad/Writer.o )
[ 5 of 21] Compiling Control.Monad.Writer.Strict ( Control/Monad/Writer/Strict.hs, .stack-work/dist/x86_64-osx/Cabal-1.24.0.0/build/Control/Monad/Writer/Strict.o )
[ 6 of 21] Compiling Control.Monad.State.Class ( Control/Monad/State/Class.hs, .stack-work/dist/x86_64-osx/Cabal-1.24.0.0/build/Control/Monad/State/Class.o )

Control/Monad/State/Class.hs:30:1: warning: [-Wdeprecations]
    Module ‘Control.Monad.Trans.Error’ is deprecated:
      Use Control.Monad.Trans.Except instead

Control/Monad/State/Class.hs:107:11: warning: [-Wdeprecations]
    In the use of type constructor or class ‘Error’
    (imported from Control.Monad.Trans.Error):
    Deprecated: "Use Control.Monad.Trans.Except instead"

Control/Monad/State/Class.hs:107:49: warning: [-Wdeprecations]
    In the use of type constructor or class ‘ErrorT’
    (imported from Control.Monad.Trans.Error):
    Deprecated: "Use Control.Monad.Trans.Except instead"

Control/Monad/State/Class.hs:108:21: warning: [-Wdeprecations]
    In the use of type constructor or class ‘ErrorT’
    (imported from Control.Monad.Trans.Error):
    Deprecated: "Use Control.Monad.Trans.Except instead"
[ 7 of 21] Compiling Control.Monad.State.Lazy ( Control/Monad/State/Lazy.hs, .stack-work/dist/x86_64-osx/Cabal-1.24.0.0/build/Control/Monad/State/Lazy.o )
[ 8 of 21] Compiling Control.Monad.State.Strict ( Control/Monad/State/Strict.hs, .stack-work/dist/x86_64-osx/Cabal-1.24.0.0/build/Control/Monad/State/Strict.o )
[ 9 of 21] Compiling Control.Monad.State ( Control/Monad/State.hs, .stack-work/dist/x86_64-osx/Cabal-1.24.0.0/build/Control/Monad/State.o )
[10 of 21] Compiling Control.Monad.Reader.Class ( Control/Monad/Reader/Class.hs, .stack-work/dist/x86_64-osx/Cabal-1.24.0.0/build/Control/Monad/Reader/Class.o )

Control/Monad/Reader/Class.hs:45:1: warning: [-Wdeprecations]
    Module ‘Control.Monad.Trans.Error’ is deprecated:
      Use Control.Monad.Trans.Except instead

Control/Monad/Reader/Class.hs:119:11: warning: [-Wdeprecations]
    In the use of type constructor or class ‘Error’
    (imported from Control.Monad.Trans.Error):
    Deprecated: "Use Control.Monad.Trans.Except instead"

Control/Monad/Reader/Class.hs:119:51: warning: [-Wdeprecations]
    In the use of type constructor or class ‘ErrorT’
    (imported from Control.Monad.Trans.Error):
    Deprecated: "Use Control.Monad.Trans.Except instead"

Control/Monad/Reader/Class.hs:120:19: warning: [-Wdeprecations]
    In the use of type constructor or class ‘ErrorT’
    (imported from Control.Monad.Trans.Error):
    Deprecated: "Use Control.Monad.Trans.Except instead"

Control/Monad/Reader/Class.hs:122:13: warning: [-Wdeprecations]
    In the use of ‘mapErrorT’
    (imported from Control.Monad.Trans.Error):
    Deprecated: "Use Control.Monad.Trans.Except instead"
[11 of 21] Compiling Control.Monad.Reader ( Control/Monad/Reader.hs, .stack-work/dist/x86_64-osx/Cabal-1.24.0.0/build/Control/Monad/Reader.o )
[12 of 21] Compiling Control.Monad.RWS.Class ( Control/Monad/RWS/Class.hs, .stack-work/dist/x86_64-osx/Cabal-1.24.0.0/build/Control/Monad/RWS/Class.o )

Control/Monad/RWS/Class.hs:33:1: warning: [-Wdeprecations]
    Module ‘Control.Monad.Trans.Error’ is deprecated:
      Use Control.Monad.Trans.Except instead

Control/Monad/RWS/Class.hs:51:11: warning: [-Wdeprecations]
    In the use of type constructor or class ‘Error’
    (imported from Control.Monad.Trans.Error):
    Deprecated: "Use Control.Monad.Trans.Except instead"

Control/Monad/RWS/Class.hs:51:45: warning: [-Wdeprecations]
    In the use of type constructor or class ‘ErrorT’
    (imported from Control.Monad.Trans.Error):
    Deprecated: "Use Control.Monad.Trans.Except instead"
[13 of 21] Compiling Control.Monad.RWS.Lazy ( Control/Monad/RWS/Lazy.hs, .stack-work/dist/x86_64-osx/Cabal-1.24.0.0/build/Control/Monad/RWS/Lazy.o )
[14 of 21] Compiling Control.Monad.RWS.Strict ( Control/Monad/RWS/Strict.hs, .stack-work/dist/x86_64-osx/Cabal-1.24.0.0/build/Control/Monad/RWS/Strict.o )
[15 of 21] Compiling Control.Monad.RWS ( Control/Monad/RWS.hs, .stack-work/dist/x86_64-osx/Cabal-1.24.0.0/build/Control/Monad/RWS.o )
[16 of 21] Compiling Control.Monad.List ( Control/Monad/List.hs, .stack-work/dist/x86_64-osx/Cabal-1.24.0.0/build/Control/Monad/List.o )
[17 of 21] Compiling Control.Monad.Identity ( Control/Monad/Identity.hs, .stack-work/dist/x86_64-osx/Cabal-1.24.0.0/build/Control/Monad/Identity.o )
[18 of 21] Compiling Control.Monad.Error.Class ( Control/Monad/Error/Class.hs, .stack-work/dist/x86_64-osx/Cabal-1.24.0.0/build/Control/Monad/Error/Class.o )

Control/Monad/Error/Class.hs:40:1: warning: [-Wdeprecations]
    Module ‘Control.Monad.Trans.Error’ is deprecated:
      Use Control.Monad.Trans.Except instead

Control/Monad/Error/Class.hs:41:1: warning: [-Wdeprecations]
    Module ‘Control.Monad.Trans.Error’ is deprecated:
      Use Control.Monad.Trans.Except instead

Control/Monad/Error/Class.hs:102:11: warning: [-Wdeprecations]
    In the use of type constructor or class ‘Error’
    (imported from Control.Monad.Trans.Error):
    Deprecated: "Use Control.Monad.Trans.Except instead"

Control/Monad/Error/Class.hs:108:20: warning: [-Wdeprecations]
    In the use of type constructor or class ‘Error’
    (imported from Control.Monad.Trans.Error):
    Deprecated: "Use Control.Monad.Trans.Except instead"

Control/Monad/Error/Class.hs:108:44: warning: [-Wdeprecations]
    In the use of type constructor or class ‘ErrorT’
    (imported from Control.Monad.Trans.Error):
    Deprecated: "Use Control.Monad.Trans.Except instead"

Control/Monad/Error/Class.hs:109:21: warning: [-Wdeprecations]
    In the use of type constructor or class ‘ErrorT’
    (imported from Control.Monad.Trans.Error):
    Deprecated: "Use Control.Monad.Trans.Except instead"

Control/Monad/Error/Class.hs:110:18: warning: [-Wdeprecations]
    In the use of ‘throwError’
    (imported from Control.Monad.Trans.Error):
    Deprecated: "Use Control.Monad.Trans.Except instead"

Control/Monad/Error/Class.hs:111:18: warning: [-Wdeprecations]
    In the use of ‘catchError’
    (imported from Control.Monad.Trans.Error):
    Deprecated: "Use Control.Monad.Trans.Except instead"
[19 of 21] Compiling Control.Monad.Error ( Control/Monad/Error.hs, .stack-work/dist/x86_64-osx/Cabal-1.24.0.0/build/Control/Monad/Error.o )

Control/Monad/Error.hs:54:1: warning: [-Wdeprecations]
    Module ‘Control.Monad.Trans.Error’ is deprecated:
      Use Control.Monad.Trans.Except instead
[20 of 21] Compiling Control.Monad.Cont.Class ( Control/Monad/Cont/Class.hs, .stack-work/dist/x86_64-osx/Cabal-1.24.0.0/build/Control/Monad/Cont/Class.o )

Control/Monad/Cont/Class.hs:57:1: warning: [-Wdeprecations]
    Module ‘Control.Monad.Trans.Error’ is deprecated:
      Use Control.Monad.Trans.Except instead

Control/Monad/Cont/Class.hs:98:11: warning: [-Wdeprecations]
    In the use of type constructor or class ‘Error’
    (imported from Control.Monad.Trans.Error):
    Deprecated: "Use Control.Monad.Trans.Except instead"

Control/Monad/Cont/Class.hs:98:47: warning: [-Wdeprecations]
    In the use of type constructor or class ‘ErrorT’
    (imported from Control.Monad.Trans.Error):
    Deprecated: "Use Control.Monad.Trans.Except instead"

Control/Monad/Cont/Class.hs:99:14: warning: [-Wdeprecations]
    In the use of ‘liftCallCC’
    (imported from Control.Monad.Trans.Error):
    Deprecated: "Use Control.Monad.Trans.Except instead"
[21 of 21] Compiling Control.Monad.Cont ( Control/Monad/Cont.hs, .stack-work/dist/x86_64-osx/Cabal-1.24.0.0/build/Control/Monad/Cont.o )
Installing library in
/Users/heades/.stack/snapshots/x86_64-osx/lts-7.19/8.0.1/lib/x86_64-osx-ghc-8.0.1/monads-tf-0.1.0.3-HVD88uwypLB1Pu4HQI1mbn
Registering monads-tf-0.1.0.3...
